<?xml version="1.0" encoding="UTF-8"?>
<!-- Generated by org.testng.reporters.JUnitReportReporter -->
<testsuite skipped="0" hostname="Ravis-MacBook-Air.local" name="testCases.TC0006_GET_Request_NodeValidateBody" tests="1" failures="0" timestamp="2020-05-30T17:30:38 IST" time="3.623" errors="0">
  <testcase name="getWeatherDetails" time="3.623" classname="testCases.TC0006_GET_Request_NodeValidateBody"/>
  <system-out/>
</testsuite> <!-- testCases.TC0006_GET_Request_NodeValidateBody -->
