<?xml version="1.0" encoding="UTF-8"?>
<!-- Generated by org.testng.reporters.JUnitReportReporter -->
<testsuite skipped="0" hostname="Ravis-MacBook-Air.local" name="testCases.TC0001_GET_Request" tests="1" failures="0" timestamp="2020-06-12T18:04:44 IST" time="3.867" errors="0">
  <testcase name="getWeatherDetails" time="3.867" classname="testCases.TC0001_GET_Request"/>
  <system-out/>
</testsuite> <!-- testCases.TC0001_GET_Request -->
