<?xml version="1.0" encoding="UTF-8"?>
<!-- Generated by org.testng.reporters.JUnitReportReporter -->
<testsuite skipped="0" hostname="Ravis-MacBook-Air.local" name="dataDrivenTestCases.TC0002_POST_DataDrivenTest" tests="6" failures="0" timestamp="2020-05-30T21:36:57 IST" time="7.767" errors="0">
  <testcase name="postCustomerDetails" time="0.813" classname="dataDrivenTestCases.TC0002_POST_DataDrivenTest"/>
  <system-out/>
  <testcase name="postCustomerDetails" time="0.751" classname="dataDrivenTestCases.TC0002_POST_DataDrivenTest"/>
  <system-out/>
  <testcase name="postCustomerDetails" time="0.825" classname="dataDrivenTestCases.TC0002_POST_DataDrivenTest"/>
  <system-out/>
  <testcase name="postCustomerDetails" time="0.801" classname="dataDrivenTestCases.TC0002_POST_DataDrivenTest"/>
  <system-out/>
  <testcase name="postCustomerDetails" time="0.827" classname="dataDrivenTestCases.TC0002_POST_DataDrivenTest"/>
  <system-out/>
  <testcase name="postCustomerDetails" time="3.750" classname="dataDrivenTestCases.TC0002_POST_DataDrivenTest"/>
  <system-out/>
</testsuite> <!-- dataDrivenTestCases.TC0002_POST_DataDrivenTest -->
