<?xml version="1.0" encoding="UTF-8"?>
<!-- Generated by org.testng.reporters.JUnitReportReporter -->
<testsuite skipped="0" hostname="Ravis-MacBook-Air.local" name="testCases.TC0007_GET_Request_Auth" tests="1" failures="0" timestamp="2020-05-30T17:32:08 IST" time="3.105" errors="0">
  <testcase name="getWeatherDetails" time="3.105" classname="testCases.TC0007_GET_Request_Auth"/>
  <system-out/>
</testsuite> <!-- testCases.TC0007_GET_Request_Auth -->
