<?xml version="1.0" encoding="UTF-8"?>
<!-- Generated by org.testng.reporters.JUnitReportReporter -->
<testsuite skipped="0" hostname="Ravis-MacBook-Air.local" name="testCases.TC0005_GET_Request_ValidateBody" tests="1" failures="0" timestamp="2020-05-30T17:28:11 IST" time="2.690" errors="0">
  <testcase name="getWeatherDetails" time="2.690" classname="testCases.TC0005_GET_Request_ValidateBody"/>
  <system-out/>
</testsuite> <!-- testCases.TC0005_GET_Request_ValidateBody -->
