<?xml version="1.0" encoding="UTF-8"?>
<!-- Generated by org.testng.reporters.JUnitReportReporter -->
<testsuite skipped="0" hostname="Ravis-MacBook-Air.local" name="testCases.TC0004_GET_Request_PrintHeader" tests="1" failures="0" timestamp="2020-05-30T17:27:32 IST" time="2.991" errors="0">
  <testcase name="googleMapTest" time="2.991" classname="testCases.TC0004_GET_Request_PrintHeader"/>
  <system-out/>
</testsuite> <!-- testCases.TC0004_GET_Request_PrintHeader -->
