<?xml version="1.0" encoding="UTF-8"?>
<!-- Generated by org.testng.reporters.JUnitReportReporter -->
<testsuite skipped="0" hostname="Ravis-MacBook-Air.local" name="testCases.TC0003_GET_Request" tests="1" failures="0" timestamp="2020-05-30T17:26:36 IST" time="2.742" errors="0">
  <testcase name="googleMapTest" time="2.742" classname="testCases.TC0003_GET_Request"/>
  <system-out/>
</testsuite> <!-- testCases.TC0003_GET_Request -->
