<?xml version="1.0" encoding="UTF-8"?>
<!-- Generated by org.testng.reporters.JUnitReportReporter -->
<testsuite skipped="0" hostname="Ravis-MacBook-Air.local" name="testCases.TC0002_POST_Request" tests="1" failures="0" timestamp="2020-05-30T20:14:35 IST" time="3.713" errors="0">
  <testcase name="postCustomerDetails" time="3.713" classname="testCases.TC0002_POST_Request"/>
  <system-out/>
</testsuite> <!-- testCases.TC0002_POST_Request -->
